  Frogger Assignment.cpp
c:\users\michael\desktop\frogger assignment\frogger assignment.cpp(91): warning C4244: 'initializing': conversion from 'double' to 'float', possible loss of data
c:\users\michael\desktop\frogger assignment\frogger assignment.cpp(91): warning C4244: 'initializing': conversion from 'double' to 'const float', possible loss of data
c:\users\michael\desktop\frogger assignment\frogger assignment.cpp(150): warning C4244: 'argument': conversion from 'const int' to 'const float', possible loss of data
c:\users\michael\desktop\frogger assignment\frogger assignment.cpp(152): warning C4244: 'argument': conversion from 'const int' to 'const float', possible loss of data
c:\users\michael\desktop\frogger assignment\frogger assignment.cpp(154): warning C4244: 'argument': conversion from 'const int' to 'const float', possible loss of data
c:\users\michael\desktop\frogger assignment\frogger assignment.cpp(156): warning C4244: 'argument': conversion from 'const int' to 'const float', possible loss of data
c:\users\michael\desktop\frogger assignment\frogger assignment.cpp(635): warning C4244: '=': conversion from 'float' to 'int', possible loss of data
c:\users\michael\desktop\frogger assignment\frogger assignment.cpp(663): warning C4244: '=': conversion from 'float' to 'int', possible loss of data
c:\users\michael\desktop\frogger assignment\frogger assignment.cpp(691): warning C4244: '=': conversion from 'float' to 'int', possible loss of data
c:\users\michael\desktop\frogger assignment\frogger assignment.cpp(719): warning C4244: '=': conversion from 'float' to 'int', possible loss of data
c:\users\michael\desktop\frogger assignment\frogger assignment.cpp(747): warning C4244: '=': conversion from 'float' to 'int', possible loss of data
c:\users\michael\desktop\frogger assignment\frogger assignment.cpp(775): warning C4244: '=': conversion from 'float' to 'int', possible loss of data
c:\users\michael\desktop\frogger assignment\frogger assignment.cpp(96): warning C4101: 'tyreSpeed': unreferenced local variable
TL-Engine2015Debug.lib(TL-Engine.obj) : warning LNK4099: PDB 'TL-Engine.pdb' was not found with 'TL-Engine2015Debug.lib(TL-Engine.obj)' or at 'C:\Users\Michael\Desktop\Frogger Assignment\TL-Engine.pdb'; linking object as if no debug info
TL-Engine2015Debug.lib(Errors.obj) : warning LNK4099: PDB 'Common.pdb' was not found with 'TL-Engine2015Debug.lib(Errors.obj)' or at 'C:\Users\Michael\Desktop\Frogger Assignment\Common.pdb'; linking object as if no debug info
TL-Engine2015Debug.lib(TLXSprite.obj) : warning LNK4099: PDB '3DEngine.pdb' was not found with 'TL-Engine2015Debug.lib(TLXSprite.obj)' or at 'C:\Users\Michael\Desktop\Frogger Assignment\3DEngine.pdb'; linking object as if no debug info
TL-Engine2015Debug.lib(TLXSceneNode.obj) : warning LNK4099: PDB '3DEngine.pdb' was not found with 'TL-Engine2015Debug.lib(TLXSceneNode.obj)' or at 'C:\Users\Michael\Desktop\Frogger Assignment\3DEngine.pdb'; linking object as if no debug info
TL-Engine2015Debug.lib(TLXModelNode.obj) : warning LNK4099: PDB '3DEngine.pdb' was not found with 'TL-Engine2015Debug.lib(TLXModelNode.obj)' or at 'C:\Users\Michael\Desktop\Frogger Assignment\3DEngine.pdb'; linking object as if no debug info
TL-Engine2015Debug.lib(TLXModel.obj) : warning LNK4099: PDB '3DEngine.pdb' was not found with 'TL-Engine2015Debug.lib(TLXModel.obj)' or at 'C:\Users\Michael\Desktop\Frogger Assignment\3DEngine.pdb'; linking object as if no debug info
TL-Engine2015Debug.lib(TLXMesh.obj) : warning LNK4099: PDB '3DEngine.pdb' was not found with 'TL-Engine2015Debug.lib(TLXMesh.obj)' or at 'C:\Users\Michael\Desktop\Frogger Assignment\3DEngine.pdb'; linking object as if no debug info
TL-Engine2015Debug.lib(TLXLight.obj) : warning LNK4099: PDB '3DEngine.pdb' was not found with 'TL-Engine2015Debug.lib(TLXLight.obj)' or at 'C:\Users\Michael\Desktop\Frogger Assignment\3DEngine.pdb'; linking object as if no debug info
TL-Engine2015Debug.lib(TLXFont.obj) : warning LNK4099: PDB '3DEngine.pdb' was not found with 'TL-Engine2015Debug.lib(TLXFont.obj)' or at 'C:\Users\Michael\Desktop\Frogger Assignment\3DEngine.pdb'; linking object as if no debug info
TL-Engine2015Debug.lib(TLXEngine.obj) : warning LNK4099: PDB '3DEngine.pdb' was not found with 'TL-Engine2015Debug.lib(TLXEngine.obj)' or at 'C:\Users\Michael\Desktop\Frogger Assignment\3DEngine.pdb'; linking object as if no debug info
TL-Engine2015Debug.lib(TLXCamera.obj) : warning LNK4099: PDB '3DEngine.pdb' was not found with 'TL-Engine2015Debug.lib(TLXCamera.obj)' or at 'C:\Users\Michael\Desktop\Frogger Assignment\3DEngine.pdb'; linking object as if no debug info
TL-Engine2015Debug.lib(IrrlichtSceneNode.obj) : warning LNK4099: PDB '3DEngine.pdb' was not found with 'TL-Engine2015Debug.lib(IrrlichtSceneNode.obj)' or at 'C:\Users\Michael\Desktop\Frogger Assignment\3DEngine.pdb'; linking object as if no debug info
TL-Engine2015Debug.lib(IrrlichtModel.obj) : warning LNK4099: PDB '3DEngine.pdb' was not found with 'TL-Engine2015Debug.lib(IrrlichtModel.obj)' or at 'C:\Users\Michael\Desktop\Frogger Assignment\3DEngine.pdb'; linking object as if no debug info
TL-Engine2015Debug.lib(IrrlichtMesh.obj) : warning LNK4099: PDB '3DEngine.pdb' was not found with 'TL-Engine2015Debug.lib(IrrlichtMesh.obj)' or at 'C:\Users\Michael\Desktop\Frogger Assignment\3DEngine.pdb'; linking object as if no debug info
TL-Engine2015Debug.lib(IrrlichtLight.obj) : warning LNK4099: PDB '3DEngine.pdb' was not found with 'TL-Engine2015Debug.lib(IrrlichtLight.obj)' or at 'C:\Users\Michael\Desktop\Frogger Assignment\3DEngine.pdb'; linking object as if no debug info
TL-Engine2015Debug.lib(IrrlichtInput.obj) : warning LNK4099: PDB '3DEngine.pdb' was not found with 'TL-Engine2015Debug.lib(IrrlichtInput.obj)' or at 'C:\Users\Michael\Desktop\Frogger Assignment\3DEngine.pdb'; linking object as if no debug info
TL-Engine2015Debug.lib(IrrlichtFont.obj) : warning LNK4099: PDB '3DEngine.pdb' was not found with 'TL-Engine2015Debug.lib(IrrlichtFont.obj)' or at 'C:\Users\Michael\Desktop\Frogger Assignment\3DEngine.pdb'; linking object as if no debug info
TL-Engine2015Debug.lib(IrrlichtEngine.obj) : warning LNK4099: PDB '3DEngine.pdb' was not found with 'TL-Engine2015Debug.lib(IrrlichtEngine.obj)' or at 'C:\Users\Michael\Desktop\Frogger Assignment\3DEngine.pdb'; linking object as if no debug info
TL-Engine2015Debug.lib(IrrlichtCamera.obj) : warning LNK4099: PDB '3DEngine.pdb' was not found with 'TL-Engine2015Debug.lib(IrrlichtCamera.obj)' or at 'C:\Users\Michael\Desktop\Frogger Assignment\3DEngine.pdb'; linking object as if no debug info
  Frogger Assignment.vcxproj -> C:\Users\Michael\Desktop\Frogger Assignment\\Frogger AssignmentDebug.exe
